<?xml version="1.0" encoding="UTF-8"?>
<testng-results ignored="0" total="1" passed="1" failed="0" skipped="0">
  <reporter-output>
  </reporter-output>
  <suite started-at="2022-06-20T01:23:48 IST" name="Default suite" finished-at="2022-06-20T01:24:48 IST" duration-ms="60617">
    <groups>
    </groups>
    <test started-at="2022-06-20T01:23:48 IST" name="Default test" finished-at="2022-06-20T01:24:48 IST" duration-ms="60617">
      <class name="com.sample.SampleTest">
        <test-method signature="login()[pri:0, instance:com.sample.SampleTest@7db12bb6]" started-at="2022-06-20T01:23:48 IST" name="login" finished-at="2022-06-20T01:24:48 IST" duration-ms="60496" status="PASS">
          <reporter-output>
          </reporter-output>
        </test-method> <!-- login -->
      </class> <!-- com.sample.SampleTest -->
    </test> <!-- Default test -->
  </suite> <!-- Default suite -->
</testng-results>
