<?xml version="1.0" encoding="UTF-8"?>
<testng-results ignored="0" total="1" passed="1" failed="0" skipped="0">
  <reporter-output>
  </reporter-output>
  <suite started-at="2022-06-03T03:25:31 IST" name="Default suite" finished-at="2022-06-03T03:25:43 IST" duration-ms="11922">
    <groups>
    </groups>
    <test started-at="2022-06-03T03:25:31 IST" name="Default test" finished-at="2022-06-03T03:25:43 IST" duration-ms="11922">
      <class name="com.sample.Sample">
        <test-method signature="login()[pri:0, instance:com.sample.Sample@7db12bb6]" started-at="2022-06-03T03:25:31 IST" name="login" finished-at="2022-06-03T03:25:43 IST" duration-ms="11779" status="PASS">
          <reporter-output>
          </reporter-output>
        </test-method> <!-- login -->
      </class> <!-- com.sample.Sample -->
    </test> <!-- Default test -->
  </suite> <!-- Default suite -->
</testng-results>
